2026-05-31T15:57:43.491603Z [memory][prepare] id=4b5883f3 profile=rag method=rag use_history=True constraints[grounded=False,json_strict=False,latency_critical=False,no_record=False,inject_memory_context=True] budget[usable=7168,system=354,request=2626] fifo_tokens=0 pressure[warn=False,flush=False]
2026-05-31T15:57:43.519110Z [memory][retrieval] recall query='HBM4세대와 차세대 저전력 모듈을 동시에 판매한다고 ㅐㅎ쓴ㄴ데, 각각 무슨뜻이야?' limit=2 raw_hits=0 after_dedup=0
2026-05-31T15:57:43.519110Z [memory][context] id=4b5883f3 messages=2 system_chars=2688 history_msgs=0 system_tokens=548
2026-05-31T15:57:43.555634Z [memory][prepare] id=4b5883f3 recorded USER turn (30 tokens)
2026-05-31T15:58:06.121081Z [memory][commit] id=4b5883f3 recorded ASSISTANT turn (87 tokens)
2026-05-31T15:58:28.932635Z [memory][prepare] id=9f0efaf2 profile=rag method=rag use_history=True constraints[grounded=False,json_strict=False,latency_critical=False,no_record=False,inject_memory_context=True] budget[usable=7168,system=354,request=2698] fifo_tokens=117 pressure[warn=False,flush=False]
2026-05-31T15:58:28.934635Z [memory][retrieval] recall query='여태까지 내가 물어본 내용에 대해 기억하는바를 답해봐' limit=2 raw_hits=0 after_dedup=0
2026-05-31T15:58:28.935634Z [memory][context] id=9f0efaf2 messages=4 system_chars=2688 history_msgs=2 system_tokens=548
2026-05-31T15:58:28.959650Z [memory][prepare] id=9f0efaf2 recorded USER turn (15 tokens)
2026-05-31T15:58:54.902355Z [memory][commit] id=9f0efaf2 recorded ASSISTANT turn (92 tokens)
2026-05-31T15:59:17.170233Z [memory][prepare] id=8b5419a9 profile=rag method=rag use_history=True constraints[grounded=False,json_strict=False,latency_critical=False,no_record=False,inject_memory_context=True] budget[usable=7168,system=354,request=2376] fifo_tokens=224 pressure[warn=False,flush=False]
2026-05-31T15:59:17.172234Z [memory][retrieval] recall query='그럼 너가 현재 조사한 내용들에 대해 우선 서술해줄 수 있어?' limit=2 raw_hits=2 after_dedup=0
2026-05-31T15:59:17.173233Z [memory][context] id=8b5419a9 messages=6 system_chars=2688 history_msgs=4 system_tokens=548
2026-05-31T15:59:17.185740Z [memory][prepare] id=8b5419a9 recorded USER turn (18 tokens)
2026-05-31T16:00:13.035491Z [memory][commit] id=8b5419a9 recorded ASSISTANT turn (540 tokens)
2026-05-31T16:01:08.754154Z [memory][prepare] id=603c5c3c profile=rag method=rag use_history=True constraints[grounded=False,json_strict=False,latency_critical=False,no_record=False,inject_memory_context=True] budget[usable=7168,system=354,request=2430] fifo_tokens=782 pressure[warn=False,flush=False]
2026-05-31T16:01:08.756153Z [memory][retrieval] recall query='삼성전자 관련해서 너가 조사한 내용을 원하는 거였어. 갤럭시 s25시리즈를 원하는게 아니야' limit=2 raw_hits=4 after_dedup=0
2026-05-31T16:01:08.757152Z [memory][context] id=603c5c3c messages=8 system_chars=2688 history_msgs=6 system_tokens=548
2026-05-31T16:01:08.769154Z [memory][prepare] id=603c5c3c recorded USER turn (25 tokens)
2026-05-31T16:01:42.471858Z [memory][commit] id=603c5c3c recorded ASSISTANT turn (127 tokens)
2026-05-31T16:02:11.692835Z [memory][prepare] id=d9b9133f profile=rag method=rag use_history=True constraints[grounded=False,json_strict=False,latency_critical=False,no_record=False,inject_memory_context=True] budget[usable=7168,system=354,request=2579] fifo_tokens=934 pressure[warn=False,flush=False]
2026-05-31T16:02:11.695834Z [memory][retrieval] recall query='갤럭시 s25 시리즈를 원한 적 없고, 요청한 적 없어.\n너가 삼성전자에 대해 조사한 내용을 정리해 달라는 것 뿐이야' limit=2 raw_hits=6 after_dedup=0
2026-05-31T16:02:11.696834Z [memory][context] id=d9b9133f messages=8 system_chars=2688 history_msgs=6 system_tokens=548
2026-05-31T16:02:11.708836Z [memory][prepare] id=d9b9133f recorded USER turn (33 tokens)
2026-05-31T16:03:27.159227Z [memory][commit] id=d9b9133f recorded ASSISTANT turn (656 tokens)
2026-05-31T16:04:15.125440Z [memory][prepare] id=0b9aaa87 profile=rag method=rag use_history=True constraints[grounded=False,json_strict=False,latency_critical=False,no_record=False,inject_memory_context=True] budget[usable=7168,system=354,request=2235] fifo_tokens=1623 pressure[warn=False,flush=False]
2026-05-31T16:04:15.128434Z [memory][retrieval] recall query='삼성전자 투자 전략 관련한 보고서를 작성하고싶은데, 어떤 내용을 참고하면 좋을까?' limit=2 raw_hits=4 after_dedup=1
2026-05-31T16:04:15.140942Z [memory][retrieval] recall injected 1 rows (121 tokens, cap=1200, remaining=4264)
2026-05-31T16:04:15.155961Z [memory][context] id=0b9aaa87 messages=8 system_chars=2969 history_msgs=6 system_tokens=676
2026-05-31T16:04:15.167962Z [memory][prepare] id=0b9aaa87 recorded USER turn (20 tokens)
2026-05-31T16:05:46.131524Z [memory][commit] id=0b9aaa87 recorded ASSISTANT turn (748 tokens)
2026-05-31T16:06:13.620668Z [memory][prepare] id=2ca08cbf profile=rag method=rag use_history=True constraints[grounded=False,json_strict=False,latency_critical=False,no_record=False,inject_memory_context=True] budget[usable=7168,system=354,request=2586] fifo_tokens=2391 pressure[warn=True,flush=False]
2026-05-31T16:06:13.624668Z [memory][retrieval] recall query='보수적 시나리오: 반도체 회복이 완만하고 AI 수익성이 기대치를 하회하는 경우, 12 만원~14 만원대\n\n이 부분에 대해 좀 더 설명해줄 수 있을까?' limit=2 raw_hits=5 after_dedup=2
2026-05-31T16:06:13.640178Z [memory][retrieval] recall injected 2 rows (670 tokens, cap=1200, remaining=3364)
2026-05-31T16:06:13.658687Z [memory][context] id=2ca08cbf messages=8 system_chars=4294 history_msgs=6 system_tokens=1260
2026-05-31T16:06:13.670197Z [memory][prepare] id=2ca08cbf recorded USER turn (46 tokens)
2026-05-31T16:08:17.027166Z [memory][commit] id=2ca08cbf recorded ASSISTANT turn (774 tokens)
2026-05-31T16:10:29.511769Z [memory][prepare] id=6f1eb80d profile=rag method=rag use_history=True constraints[grounded=False,json_strict=False,latency_critical=False,no_record=False,inject_memory_context=True] budget[usable=7168,system=354,request=2571] fifo_tokens=3211 pressure[warn=True,flush=True]
2026-05-31T16:10:29.515768Z [memory][retrieval] recall query='여태까지 나랑 나눈 대화를 요약해볼래?' limit=2 raw_hits=2 after_dedup=2
2026-05-31T16:10:29.524773Z [memory][retrieval] recall injected 2 rows (181 tokens, cap=1200, remaining=3868)
2026-05-31T16:10:29.556794Z [memory][context] id=6f1eb80d messages=6 system_chars=3241 history_msgs=4 system_tokens=771
2026-05-31T16:10:29.587837Z [memory][prepare] id=6f1eb80d recorded USER turn (13 tokens)
2026-05-31T16:11:34.495145Z [memory][commit] id=6f1eb80d recorded ASSISTANT turn (219 tokens)
2026-05-31T16:11:34.495145Z [memory][commit] id=6f1eb80d flush_pending=True -> launching background flush
2026-05-31T16:11:34.498177Z [memory][flush] profile=rag no rows to evict (skip)
